2
subject 1001_01_MR
loaded saved variables
version 6
13
/users/k1201869/miniconda3/envs/python38/lib/python3.8/site-packages/distributed/node.py:151: UserWarning: Port 8787 is already in use.
Perhaps you already have a cluster running?
Hosting the HTTP server on port 39294 instead
  warnings.warn(
parrallel submitted 07:51:34
parrallel finished 07:54:46
estimation_imag_fix.py:214: ComplexWarning: Casting complex values to real discards the imaginary part
  inv_JinvCeJ[i,:] = J[:,i].T * inv_DiagCe
estimation_imag_fix.py:227: ComplexWarning: Casting complex values to real discards the imaginary part
  P[:,i] = (J[:,i]*np.squeeze(inv_DiagCe))
estimation_imag_fix.py:247: ComplexWarning: Casting complex values to real discards the imaginary part
  g[i] = -0.5*np.exp(lembda[i])*np.trace(P[T*i:T*i+T][:, T*i:T*i+T])
estimation_imag_fix.py:252: ComplexWarning: Casting complex values to real discards the imaginary part
  g[i] = g[i] + g_rest
/users/k1201869/wang_model/wang_functions_imag_fix.py:445: ComplexWarning: Casting complex values to real discards the imaginary part
  tr[i] = np.sum(temp)
/users/k1201869/miniconda3/envs/python38/lib/python3.8/site-packages/numpy/core/fromnumeric.py:87: VisibleDeprecationWarning: Creating an ndarray from ragged nested sequences (which is a list-or-tuple of lists-or-tuples-or ndarrays with different lengths or shapes) is deprecated. If you meant to do this, you must specify 'dtype=object' when creating the ndarray
  return ufunc.reduce(obj, axis, dtype, out, **passkwargs)
[[-2.14156978]]
estimation_imag_fix.py:306: ComplexWarning: Casting complex values to real discards the imaginary part
  JinvCe[i,:] = J[:,i] * inv_DiagCe #;% J'%invCe <----- p x nT
estimation_imag_fix.py:315: ComplexWarning: Casting complex values to real discards the imaginary part
  np.savetxt('./temp/dlddpara.csv', dlddpara.astype('float128'))
estimation_imag_fix.py:317: ComplexWarning: Casting complex values to real discards the imaginary part
  A_FDK[:,ppi] = np.squeeze(A) + np.squeeze(d_A) # %newton-gauss, fisher scoring, update Para_E
/users/k1201869/wang_model/wang_functions_imag_fix.py:460: FutureWarning: `rcond` parameter will change to the default of machine precision times ``max(M, N)`` where M and N are the input matrix dimensions.
To use the future default and silence this warning we advise to pass `rcond=None`, to keep using the old, explicitly pass `rcond=-1`.
  sol = np.linalg.lstsq(A, b)[0]    # not under-determined
estimation_imag_fix.py:324: ComplexWarning: Casting complex values to real discards the imaginary part
  A_FDK[:,ppi] = np.squeeze(A) + d_A #newton-gauss, fisher scoring, update Para_E
distributed.client - ERROR - Failed to reconnect to scheduler after 10.00 seconds, closing client
_GatheringFuture exception was never retrieved
future: <_GatheringFuture finished exception=CancelledError()>
asyncio.exceptions.CancelledError
estimation_imag_fix.py:328: ComplexWarning: Casting complex values to real discards the imaginary part
  h_output_FDK[:,ppi], CC_check_FDK[ppi] = funcP(np.atleast_2d(Para_E_new).T)
estimation_imag_fix.py:331: ComplexWarning: Casting complex values to real discards the imaginary part
  dlddpara_FDK[:,:,ppi] = dlddpara
estimation_imag_fix.py:332: ComplexWarning: Casting complex values to real discards the imaginary part
  dldpara_FDK[:,ppi] = dldpara
[[-2.07948286]]
imaginary won
goodness of fit correlation [0.05595363]
14
/users/k1201869/miniconda3/envs/python38/lib/python3.8/site-packages/distributed/node.py:151: UserWarning: Port 8787 is already in use.
Perhaps you already have a cluster running?
Hosting the HTTP server on port 46557 instead
  warnings.warn(
parrallel submitted 07:55:36
parrallel finished 07:58:10
estimation_imag_fix.py:214: ComplexWarning: Casting complex values to real discards the imaginary part
  inv_JinvCeJ[i,:] = J[:,i].T * inv_DiagCe
estimation_imag_fix.py:227: ComplexWarning: Casting complex values to real discards the imaginary part
  P[:,i] = (J[:,i]*np.squeeze(inv_DiagCe))
estimation_imag_fix.py:247: ComplexWarning: Casting complex values to real discards the imaginary part
  g[i] = -0.5*np.exp(lembda[i])*np.trace(P[T*i:T*i+T][:, T*i:T*i+T])
estimation_imag_fix.py:252: ComplexWarning: Casting complex values to real discards the imaginary part
  g[i] = g[i] + g_rest
/users/k1201869/wang_model/wang_functions_imag_fix.py:445: ComplexWarning: Casting complex values to real discards the imaginary part
  tr[i] = np.sum(temp)
/users/k1201869/miniconda3/envs/python38/lib/python3.8/site-packages/numpy/core/fromnumeric.py:87: VisibleDeprecationWarning: Creating an ndarray from ragged nested sequences (which is a list-or-tuple of lists-or-tuples-or ndarrays with different lengths or shapes) is deprecated. If you meant to do this, you must specify 'dtype=object' when creating the ndarray
  return ufunc.reduce(obj, axis, dtype, out, **passkwargs)
[[-2.02792244]]
estimation_imag_fix.py:306: ComplexWarning: Casting complex values to real discards the imaginary part
  JinvCe[i,:] = J[:,i] * inv_DiagCe #;% J'%invCe <----- p x nT
/users/k1201869/wang_model/wang_functions_imag_fix.py:460: FutureWarning: `rcond` parameter will change to the default of machine precision times ``max(M, N)`` where M and N are the input matrix dimensions.
To use the future default and silence this warning we advise to pass `rcond=None`, to keep using the old, explicitly pass `rcond=-1`.
  sol = np.linalg.lstsq(A, b)[0]    # not under-determined
estimation_imag_fix.py:315: ComplexWarning: Casting complex values to real discards the imaginary part
  np.savetxt('./temp/dlddpara.csv', dlddpara.astype('float128'))
estimation_imag_fix.py:317: ComplexWarning: Casting complex values to real discards the imaginary part
  A_FDK[:,ppi] = np.squeeze(A) + np.squeeze(d_A) # %newton-gauss, fisher scoring, update Para_E
estimation_imag_fix.py:324: ComplexWarning: Casting complex values to real discards the imaginary part
  A_FDK[:,ppi] = np.squeeze(A) + d_A #newton-gauss, fisher scoring, update Para_E
distributed.client - ERROR - Failed to reconnect to scheduler after 10.00 seconds, closing client
_GatheringFuture exception was never retrieved
future: <_GatheringFuture finished exception=CancelledError()>
asyncio.exceptions.CancelledError
estimation_imag_fix.py:328: ComplexWarning: Casting complex values to real discards the imaginary part
  h_output_FDK[:,ppi], CC_check_FDK[ppi] = funcP(np.atleast_2d(Para_E_new).T)
estimation_imag_fix.py:331: ComplexWarning: Casting complex values to real discards the imaginary part
  dlddpara_FDK[:,:,ppi] = dlddpara
estimation_imag_fix.py:332: ComplexWarning: Casting complex values to real discards the imaginary part
  dldpara_FDK[:,ppi] = dldpara
[[-2.09037421]]
real won
goodness of fit correlation [0.13644506]
15
/users/k1201869/miniconda3/envs/python38/lib/python3.8/site-packages/distributed/node.py:151: UserWarning: Port 8787 is already in use.
Perhaps you already have a cluster running?
Hosting the HTTP server on port 45634 instead
  warnings.warn(
parrallel submitted 07:59:00
parrallel finished 08:01:38
estimation_imag_fix.py:214: ComplexWarning: Casting complex values to real discards the imaginary part
  inv_JinvCeJ[i,:] = J[:,i].T * inv_DiagCe
estimation_imag_fix.py:227: ComplexWarning: Casting complex values to real discards the imaginary part
  P[:,i] = (J[:,i]*np.squeeze(inv_DiagCe))
estimation_imag_fix.py:247: ComplexWarning: Casting complex values to real discards the imaginary part
  g[i] = -0.5*np.exp(lembda[i])*np.trace(P[T*i:T*i+T][:, T*i:T*i+T])
estimation_imag_fix.py:252: ComplexWarning: Casting complex values to real discards the imaginary part
  g[i] = g[i] + g_rest
/users/k1201869/wang_model/wang_functions_imag_fix.py:445: ComplexWarning: Casting complex values to real discards the imaginary part
  tr[i] = np.sum(temp)
/users/k1201869/miniconda3/envs/python38/lib/python3.8/site-packages/numpy/core/fromnumeric.py:87: VisibleDeprecationWarning: Creating an ndarray from ragged nested sequences (which is a list-or-tuple of lists-or-tuples-or ndarrays with different lengths or shapes) is deprecated. If you meant to do this, you must specify 'dtype=object' when creating the ndarray
  return ufunc.reduce(obj, axis, dtype, out, **passkwargs)
[[-2.0495853]]
estimation_imag_fix.py:306: ComplexWarning: Casting complex values to real discards the imaginary part
  JinvCe[i,:] = J[:,i] * inv_DiagCe #;% J'%invCe <----- p x nT
/users/k1201869/wang_model/wang_functions_imag_fix.py:460: FutureWarning: `rcond` parameter will change to the default of machine precision times ``max(M, N)`` where M and N are the input matrix dimensions.
To use the future default and silence this warning we advise to pass `rcond=None`, to keep using the old, explicitly pass `rcond=-1`.
  sol = np.linalg.lstsq(A, b)[0]    # not under-determined
estimation_imag_fix.py:315: ComplexWarning: Casting complex values to real discards the imaginary part
  np.savetxt('./temp/dlddpara.csv', dlddpara.astype('float128'))
estimation_imag_fix.py:317: ComplexWarning: Casting complex values to real discards the imaginary part
  A_FDK[:,ppi] = np.squeeze(A) + np.squeeze(d_A) # %newton-gauss, fisher scoring, update Para_E
estimation_imag_fix.py:324: ComplexWarning: Casting complex values to real discards the imaginary part
  A_FDK[:,ppi] = np.squeeze(A) + d_A #newton-gauss, fisher scoring, update Para_E
distributed.client - ERROR - Failed to reconnect to scheduler after 10.00 seconds, closing client
_GatheringFuture exception was never retrieved
future: <_GatheringFuture finished exception=CancelledError()>
asyncio.exceptions.CancelledError
estimation_imag_fix.py:328: ComplexWarning: Casting complex values to real discards the imaginary part
  h_output_FDK[:,ppi], CC_check_FDK[ppi] = funcP(np.atleast_2d(Para_E_new).T)
estimation_imag_fix.py:331: ComplexWarning: Casting complex values to real discards the imaginary part
  dlddpara_FDK[:,:,ppi] = dlddpara
estimation_imag_fix.py:332: ComplexWarning: Casting complex values to real discards the imaginary part
  dldpara_FDK[:,ppi] = dldpara
[[-2.11205047]]
real won
goodness of fit correlation [0.23897418]
16
/users/k1201869/miniconda3/envs/python38/lib/python3.8/site-packages/distributed/node.py:151: UserWarning: Port 8787 is already in use.
Perhaps you already have a cluster running?
Hosting the HTTP server on port 45335 instead
  warnings.warn(
parrallel submitted 08:02:28
parrallel finished 08:05:16
estimation_imag_fix.py:214: ComplexWarning: Casting complex values to real discards the imaginary part
  inv_JinvCeJ[i,:] = J[:,i].T * inv_DiagCe
estimation_imag_fix.py:227: ComplexWarning: Casting complex values to real discards the imaginary part
  P[:,i] = (J[:,i]*np.squeeze(inv_DiagCe))
estimation_imag_fix.py:247: ComplexWarning: Casting complex values to real discards the imaginary part
  g[i] = -0.5*np.exp(lembda[i])*np.trace(P[T*i:T*i+T][:, T*i:T*i+T])
estimation_imag_fix.py:252: ComplexWarning: Casting complex values to real discards the imaginary part
  g[i] = g[i] + g_rest
/users/k1201869/wang_model/wang_functions_imag_fix.py:445: ComplexWarning: Casting complex values to real discards the imaginary part
  tr[i] = np.sum(temp)
/users/k1201869/miniconda3/envs/python38/lib/python3.8/site-packages/numpy/core/fromnumeric.py:87: VisibleDeprecationWarning: Creating an ndarray from ragged nested sequences (which is a list-or-tuple of lists-or-tuples-or ndarrays with different lengths or shapes) is deprecated. If you meant to do this, you must specify 'dtype=object' when creating the ndarray
  return ufunc.reduce(obj, axis, dtype, out, **passkwargs)
[[-2.10763057]]
estimation_imag_fix.py:306: ComplexWarning: Casting complex values to real discards the imaginary part
  JinvCe[i,:] = J[:,i] * inv_DiagCe #;% J'%invCe <----- p x nT
/users/k1201869/wang_model/wang_functions_imag_fix.py:460: FutureWarning: `rcond` parameter will change to the default of machine precision times ``max(M, N)`` where M and N are the input matrix dimensions.
To use the future default and silence this warning we advise to pass `rcond=None`, to keep using the old, explicitly pass `rcond=-1`.
  sol = np.linalg.lstsq(A, b)[0]    # not under-determined
estimation_imag_fix.py:315: ComplexWarning: Casting complex values to real discards the imaginary part
  np.savetxt('./temp/dlddpara.csv', dlddpara.astype('float128'))
estimation_imag_fix.py:317: ComplexWarning: Casting complex values to real discards the imaginary part
  A_FDK[:,ppi] = np.squeeze(A) + np.squeeze(d_A) # %newton-gauss, fisher scoring, update Para_E
estimation_imag_fix.py:324: ComplexWarning: Casting complex values to real discards the imaginary part
  A_FDK[:,ppi] = np.squeeze(A) + d_A #newton-gauss, fisher scoring, update Para_E
distributed.client - ERROR - Failed to reconnect to scheduler after 10.00 seconds, closing client
_GatheringFuture exception was never retrieved
future: <_GatheringFuture finished exception=CancelledError()>
asyncio.exceptions.CancelledError
estimation_imag_fix.py:328: ComplexWarning: Casting complex values to real discards the imaginary part
  h_output_FDK[:,ppi], CC_check_FDK[ppi] = funcP(np.atleast_2d(Para_E_new).T)
estimation_imag_fix.py:331: ComplexWarning: Casting complex values to real discards the imaginary part
  dlddpara_FDK[:,:,ppi] = dlddpara
estimation_imag_fix.py:332: ComplexWarning: Casting complex values to real discards the imaginary part
  dldpara_FDK[:,ppi] = dldpara
[[-2.17014324]]
imaginary won
goodness of fit correlation [0.26207974]
17
parrallel submitted 08:06:06
