5
subject 1004_01_MR
loaded saved variables
version 4
42
/users/k1201869/miniconda3/envs/python38/lib/python3.8/site-packages/distributed/node.py:151: UserWarning: Port 8787 is already in use.
Perhaps you already have a cluster running?
Hosting the HTTP server on port 39746 instead
  warnings.warn(
parrallel submitted 07:51:35
parrallel finished 07:54:41
estimation_imag_fix.py:214: ComplexWarning: Casting complex values to real discards the imaginary part
  inv_JinvCeJ[i,:] = J[:,i].T * inv_DiagCe
estimation_imag_fix.py:227: ComplexWarning: Casting complex values to real discards the imaginary part
  P[:,i] = (J[:,i]*np.squeeze(inv_DiagCe))
estimation_imag_fix.py:247: ComplexWarning: Casting complex values to real discards the imaginary part
  g[i] = -0.5*np.exp(lembda[i])*np.trace(P[T*i:T*i+T][:, T*i:T*i+T])
estimation_imag_fix.py:252: ComplexWarning: Casting complex values to real discards the imaginary part
  g[i] = g[i] + g_rest
/users/k1201869/wang_model/wang_functions_imag_fix.py:445: ComplexWarning: Casting complex values to real discards the imaginary part
  tr[i] = np.sum(temp)
/users/k1201869/miniconda3/envs/python38/lib/python3.8/site-packages/numpy/core/fromnumeric.py:87: VisibleDeprecationWarning: Creating an ndarray from ragged nested sequences (which is a list-or-tuple of lists-or-tuples-or ndarrays with different lengths or shapes) is deprecated. If you meant to do this, you must specify 'dtype=object' when creating the ndarray
  return ufunc.reduce(obj, axis, dtype, out, **passkwargs)
[[-3.06447808]]
estimation_imag_fix.py:306: ComplexWarning: Casting complex values to real discards the imaginary part
  JinvCe[i,:] = J[:,i] * inv_DiagCe #;% J'%invCe <----- p x nT
estimation_imag_fix.py:315: ComplexWarning: Casting complex values to real discards the imaginary part
  np.savetxt('./temp/dlddpara.csv', dlddpara.astype('float128'))
estimation_imag_fix.py:317: ComplexWarning: Casting complex values to real discards the imaginary part
  A_FDK[:,ppi] = np.squeeze(A) + np.squeeze(d_A) # %newton-gauss, fisher scoring, update Para_E
/users/k1201869/wang_model/wang_functions_imag_fix.py:460: FutureWarning: `rcond` parameter will change to the default of machine precision times ``max(M, N)`` where M and N are the input matrix dimensions.
To use the future default and silence this warning we advise to pass `rcond=None`, to keep using the old, explicitly pass `rcond=-1`.
  sol = np.linalg.lstsq(A, b)[0]    # not under-determined
estimation_imag_fix.py:324: ComplexWarning: Casting complex values to real discards the imaginary part
  A_FDK[:,ppi] = np.squeeze(A) + d_A #newton-gauss, fisher scoring, update Para_E
distributed.client - ERROR - Failed to reconnect to scheduler after 10.00 seconds, closing client
_GatheringFuture exception was never retrieved
future: <_GatheringFuture finished exception=CancelledError()>
asyncio.exceptions.CancelledError
estimation_imag_fix.py:328: ComplexWarning: Casting complex values to real discards the imaginary part
  h_output_FDK[:,ppi], CC_check_FDK[ppi] = funcP(np.atleast_2d(Para_E_new).T)
estimation_imag_fix.py:331: ComplexWarning: Casting complex values to real discards the imaginary part
  dlddpara_FDK[:,:,ppi] = dlddpara
estimation_imag_fix.py:332: ComplexWarning: Casting complex values to real discards the imaginary part
  dldpara_FDK[:,ppi] = dldpara
[[-3.00242341]]
imaginary won
goodness of fit correlation [0.06450677]
43
/users/k1201869/miniconda3/envs/python38/lib/python3.8/site-packages/distributed/node.py:151: UserWarning: Port 8787 is already in use.
Perhaps you already have a cluster running?
Hosting the HTTP server on port 35985 instead
  warnings.warn(
parrallel submitted 07:55:30
parrallel finished 07:58:07
estimation_imag_fix.py:214: ComplexWarning: Casting complex values to real discards the imaginary part
  inv_JinvCeJ[i,:] = J[:,i].T * inv_DiagCe
estimation_imag_fix.py:227: ComplexWarning: Casting complex values to real discards the imaginary part
  P[:,i] = (J[:,i]*np.squeeze(inv_DiagCe))
estimation_imag_fix.py:247: ComplexWarning: Casting complex values to real discards the imaginary part
  g[i] = -0.5*np.exp(lembda[i])*np.trace(P[T*i:T*i+T][:, T*i:T*i+T])
estimation_imag_fix.py:252: ComplexWarning: Casting complex values to real discards the imaginary part
  g[i] = g[i] + g_rest
/users/k1201869/wang_model/wang_functions_imag_fix.py:445: ComplexWarning: Casting complex values to real discards the imaginary part
  tr[i] = np.sum(temp)
/users/k1201869/miniconda3/envs/python38/lib/python3.8/site-packages/numpy/core/fromnumeric.py:87: VisibleDeprecationWarning: Creating an ndarray from ragged nested sequences (which is a list-or-tuple of lists-or-tuples-or ndarrays with different lengths or shapes) is deprecated. If you meant to do this, you must specify 'dtype=object' when creating the ndarray
  return ufunc.reduce(obj, axis, dtype, out, **passkwargs)
[[-2.88785467]]
estimation_imag_fix.py:306: ComplexWarning: Casting complex values to real discards the imaginary part
  JinvCe[i,:] = J[:,i] * inv_DiagCe #;% J'%invCe <----- p x nT
/users/k1201869/wang_model/wang_functions_imag_fix.py:460: FutureWarning: `rcond` parameter will change to the default of machine precision times ``max(M, N)`` where M and N are the input matrix dimensions.
To use the future default and silence this warning we advise to pass `rcond=None`, to keep using the old, explicitly pass `rcond=-1`.
  sol = np.linalg.lstsq(A, b)[0]    # not under-determined
estimation_imag_fix.py:315: ComplexWarning: Casting complex values to real discards the imaginary part
  np.savetxt('./temp/dlddpara.csv', dlddpara.astype('float128'))
estimation_imag_fix.py:317: ComplexWarning: Casting complex values to real discards the imaginary part
  A_FDK[:,ppi] = np.squeeze(A) + np.squeeze(d_A) # %newton-gauss, fisher scoring, update Para_E
estimation_imag_fix.py:324: ComplexWarning: Casting complex values to real discards the imaginary part
  A_FDK[:,ppi] = np.squeeze(A) + d_A #newton-gauss, fisher scoring, update Para_E
distributed.client - ERROR - Failed to reconnect to scheduler after 10.00 seconds, closing client
_GatheringFuture exception was never retrieved
future: <_GatheringFuture finished exception=CancelledError()>
asyncio.exceptions.CancelledError
estimation_imag_fix.py:328: ComplexWarning: Casting complex values to real discards the imaginary part
  h_output_FDK[:,ppi], CC_check_FDK[ppi] = funcP(np.atleast_2d(Para_E_new).T)
estimation_imag_fix.py:331: ComplexWarning: Casting complex values to real discards the imaginary part
  dlddpara_FDK[:,:,ppi] = dlddpara
estimation_imag_fix.py:332: ComplexWarning: Casting complex values to real discards the imaginary part
  dldpara_FDK[:,ppi] = dldpara
[[-2.95036718]]
real won
goodness of fit correlation [0.08179503]
44
/users/k1201869/miniconda3/envs/python38/lib/python3.8/site-packages/distributed/node.py:151: UserWarning: Port 8787 is already in use.
Perhaps you already have a cluster running?
Hosting the HTTP server on port 44426 instead
  warnings.warn(
parrallel submitted 07:58:56
parrallel finished 08:01:43
estimation_imag_fix.py:214: ComplexWarning: Casting complex values to real discards the imaginary part
  inv_JinvCeJ[i,:] = J[:,i].T * inv_DiagCe
estimation_imag_fix.py:227: ComplexWarning: Casting complex values to real discards the imaginary part
  P[:,i] = (J[:,i]*np.squeeze(inv_DiagCe))
estimation_imag_fix.py:247: ComplexWarning: Casting complex values to real discards the imaginary part
  g[i] = -0.5*np.exp(lembda[i])*np.trace(P[T*i:T*i+T][:, T*i:T*i+T])
estimation_imag_fix.py:252: ComplexWarning: Casting complex values to real discards the imaginary part
  g[i] = g[i] + g_rest
/users/k1201869/wang_model/wang_functions_imag_fix.py:445: ComplexWarning: Casting complex values to real discards the imaginary part
  tr[i] = np.sum(temp)
/users/k1201869/miniconda3/envs/python38/lib/python3.8/site-packages/numpy/core/fromnumeric.py:87: VisibleDeprecationWarning: Creating an ndarray from ragged nested sequences (which is a list-or-tuple of lists-or-tuples-or ndarrays with different lengths or shapes) is deprecated. If you meant to do this, you must specify 'dtype=object' when creating the ndarray
  return ufunc.reduce(obj, axis, dtype, out, **passkwargs)
[[-2.93215441]]
estimation_imag_fix.py:306: ComplexWarning: Casting complex values to real discards the imaginary part
  JinvCe[i,:] = J[:,i] * inv_DiagCe #;% J'%invCe <----- p x nT
/users/k1201869/wang_model/wang_functions_imag_fix.py:460: FutureWarning: `rcond` parameter will change to the default of machine precision times ``max(M, N)`` where M and N are the input matrix dimensions.
To use the future default and silence this warning we advise to pass `rcond=None`, to keep using the old, explicitly pass `rcond=-1`.
  sol = np.linalg.lstsq(A, b)[0]    # not under-determined
estimation_imag_fix.py:315: ComplexWarning: Casting complex values to real discards the imaginary part
  np.savetxt('./temp/dlddpara.csv', dlddpara.astype('float128'))
estimation_imag_fix.py:317: ComplexWarning: Casting complex values to real discards the imaginary part
  A_FDK[:,ppi] = np.squeeze(A) + np.squeeze(d_A) # %newton-gauss, fisher scoring, update Para_E
estimation_imag_fix.py:324: ComplexWarning: Casting complex values to real discards the imaginary part
  A_FDK[:,ppi] = np.squeeze(A) + d_A #newton-gauss, fisher scoring, update Para_E
distributed.client - ERROR - Failed to reconnect to scheduler after 10.00 seconds, closing client
_GatheringFuture exception was never retrieved
future: <_GatheringFuture finished exception=CancelledError()>
asyncio.exceptions.CancelledError
estimation_imag_fix.py:328: ComplexWarning: Casting complex values to real discards the imaginary part
  h_output_FDK[:,ppi], CC_check_FDK[ppi] = funcP(np.atleast_2d(Para_E_new).T)
estimation_imag_fix.py:331: ComplexWarning: Casting complex values to real discards the imaginary part
  dlddpara_FDK[:,:,ppi] = dlddpara
estimation_imag_fix.py:332: ComplexWarning: Casting complex values to real discards the imaginary part
  dldpara_FDK[:,ppi] = dldpara
[[-2.99463487]]
real won
goodness of fit correlation [0.18408101]
45
/users/k1201869/miniconda3/envs/python38/lib/python3.8/site-packages/distributed/node.py:151: UserWarning: Port 8787 is already in use.
Perhaps you already have a cluster running?
Hosting the HTTP server on port 34461 instead
  warnings.warn(
parrallel submitted 08:02:32
parrallel finished 08:05:20
estimation_imag_fix.py:214: ComplexWarning: Casting complex values to real discards the imaginary part
  inv_JinvCeJ[i,:] = J[:,i].T * inv_DiagCe
estimation_imag_fix.py:227: ComplexWarning: Casting complex values to real discards the imaginary part
  P[:,i] = (J[:,i]*np.squeeze(inv_DiagCe))
estimation_imag_fix.py:247: ComplexWarning: Casting complex values to real discards the imaginary part
  g[i] = -0.5*np.exp(lembda[i])*np.trace(P[T*i:T*i+T][:, T*i:T*i+T])
estimation_imag_fix.py:252: ComplexWarning: Casting complex values to real discards the imaginary part
  g[i] = g[i] + g_rest
/users/k1201869/wang_model/wang_functions_imag_fix.py:445: ComplexWarning: Casting complex values to real discards the imaginary part
  tr[i] = np.sum(temp)
/users/k1201869/miniconda3/envs/python38/lib/python3.8/site-packages/numpy/core/fromnumeric.py:87: VisibleDeprecationWarning: Creating an ndarray from ragged nested sequences (which is a list-or-tuple of lists-or-tuples-or ndarrays with different lengths or shapes) is deprecated. If you meant to do this, you must specify 'dtype=object' when creating the ndarray
  return ufunc.reduce(obj, axis, dtype, out, **passkwargs)
[[-3.00327354]]
estimation_imag_fix.py:306: ComplexWarning: Casting complex values to real discards the imaginary part
  JinvCe[i,:] = J[:,i] * inv_DiagCe #;% J'%invCe <----- p x nT
/users/k1201869/wang_model/wang_functions_imag_fix.py:460: FutureWarning: `rcond` parameter will change to the default of machine precision times ``max(M, N)`` where M and N are the input matrix dimensions.
To use the future default and silence this warning we advise to pass `rcond=None`, to keep using the old, explicitly pass `rcond=-1`.
  sol = np.linalg.lstsq(A, b)[0]    # not under-determined
estimation_imag_fix.py:315: ComplexWarning: Casting complex values to real discards the imaginary part
  np.savetxt('./temp/dlddpara.csv', dlddpara.astype('float128'))
estimation_imag_fix.py:317: ComplexWarning: Casting complex values to real discards the imaginary part
  A_FDK[:,ppi] = np.squeeze(A) + np.squeeze(d_A) # %newton-gauss, fisher scoring, update Para_E
estimation_imag_fix.py:324: ComplexWarning: Casting complex values to real discards the imaginary part
  A_FDK[:,ppi] = np.squeeze(A) + d_A #newton-gauss, fisher scoring, update Para_E
distributed.client - ERROR - Failed to reconnect to scheduler after 10.00 seconds, closing client
_GatheringFuture exception was never retrieved
future: <_GatheringFuture finished exception=CancelledError()>
asyncio.exceptions.CancelledError
estimation_imag_fix.py:328: ComplexWarning: Casting complex values to real discards the imaginary part
  h_output_FDK[:,ppi], CC_check_FDK[ppi] = funcP(np.atleast_2d(Para_E_new).T)
estimation_imag_fix.py:331: ComplexWarning: Casting complex values to real discards the imaginary part
  dlddpara_FDK[:,:,ppi] = dlddpara
estimation_imag_fix.py:332: ComplexWarning: Casting complex values to real discards the imaginary part
  dldpara_FDK[:,ppi] = dldpara
[[-3.06576871]]
real won
goodness of fit correlation [0.27269648]
46
/users/k1201869/miniconda3/envs/python38/lib/python3.8/site-packages/distributed/node.py:151: UserWarning: Port 8787 is already in use.
Perhaps you already have a cluster running?
Hosting the HTTP server on port 46225 instead
  warnings.warn(
parrallel submitted 08:06:08
