distributed.nanny - INFO -         Start Nanny at: 'tcp://10.10.15.17:44039'
distributed.diskutils - INFO - Found stale lock file and directory '/users/k1201869/wang_model/code/model_fitting/dask-worker-space/dask-worker-space/worker-g19q7ygj', purging
distributed.diskutils - INFO - Found stale lock file and directory '/users/k1201869/wang_model/code/model_fitting/dask-worker-space/dask-worker-space/worker-qaxcc_bx', purging
distributed.diskutils - INFO - Found stale lock file and directory '/users/k1201869/wang_model/code/model_fitting/dask-worker-space/dask-worker-space/worker-anc572uw', purging
distributed.diskutils - INFO - Found stale lock file and directory '/users/k1201869/wang_model/code/model_fitting/dask-worker-space/dask-worker-space/worker-c5_kik0v', purging
distributed.diskutils - INFO - Found stale lock file and directory '/users/k1201869/wang_model/code/model_fitting/dask-worker-space/dask-worker-space/worker-a9g_rujy', purging
distributed.diskutils - INFO - Found stale lock file and directory '/users/k1201869/wang_model/code/model_fitting/dask-worker-space/dask-worker-space/worker-xidvd170', purging
distributed.diskutils - INFO - Found stale lock file and directory '/users/k1201869/wang_model/code/model_fitting/dask-worker-space/dask-worker-space/worker-33qx9kls', purging
distributed.diskutils - INFO - Found stale lock file and directory '/users/k1201869/wang_model/code/model_fitting/dask-worker-space/dask-worker-space/worker-3x7u76ve', purging
distributed.diskutils - INFO - Found stale lock file and directory '/users/k1201869/wang_model/code/model_fitting/dask-worker-space/dask-worker-space/worker-p03iauv_', purging
distributed.diskutils - INFO - Found stale lock file and directory '/users/k1201869/wang_model/code/model_fitting/dask-worker-space/dask-worker-space/worker-kjqbls4r', purging
distributed.diskutils - INFO - Found stale lock file and directory '/users/k1201869/wang_model/code/model_fitting/dask-worker-space/dask-worker-space/worker-kubnv6w1', purging
distributed.diskutils - INFO - Found stale lock file and directory '/users/k1201869/wang_model/code/model_fitting/dask-worker-space/dask-worker-space/worker-ave3avi2', purging
distributed.diskutils - INFO - Found stale lock file and directory '/users/k1201869/wang_model/code/model_fitting/dask-worker-space/dask-worker-space/worker-gc3ml_we', purging
distributed.diskutils - INFO - Found stale lock file and directory '/users/k1201869/wang_model/code/model_fitting/dask-worker-space/dask-worker-space/worker-gsbtx76a', purging
distributed.diskutils - INFO - Found stale lock file and directory '/users/k1201869/wang_model/code/model_fitting/dask-worker-space/dask-worker-space/worker-5jrni8of', purging
distributed.diskutils - INFO - Found stale lock file and directory '/users/k1201869/wang_model/code/model_fitting/dask-worker-space/dask-worker-space/worker-y03_k0nm', purging
distributed.diskutils - INFO - Found stale lock file and directory '/users/k1201869/wang_model/code/model_fitting/dask-worker-space/dask-worker-space/worker-sh_5r5_o', purging
distributed.diskutils - INFO - Found stale lock file and directory '/users/k1201869/wang_model/code/model_fitting/dask-worker-space/dask-worker-space/worker-au8gm7qj', purging
distributed.diskutils - INFO - Found stale lock file and directory '/users/k1201869/wang_model/code/model_fitting/dask-worker-space/dask-worker-space/worker-nerkng4w', purging
distributed.diskutils - INFO - Found stale lock file and directory '/users/k1201869/wang_model/code/model_fitting/dask-worker-space/dask-worker-space/worker-_osx37_e', purging
distributed.worker - INFO -       Start worker at:    tcp://10.10.15.17:45900
distributed.worker - INFO -          Listening to:    tcp://10.10.15.17:45900
distributed.worker - INFO -          dashboard at:          10.10.15.17:35575
distributed.worker - INFO - Waiting to connect to:    tcp://10.10.15.13:46007
distributed.worker - INFO - -------------------------------------------------
distributed.worker - INFO -               Threads:                          1
distributed.worker - INFO -                Memory:                    2.00 GB
distributed.worker - INFO -       Local Directory: /users/k1201869/wang_model/code/model_fitting/dask-worker-space/dask-worker-space/worker-y0tqhr2l
distributed.worker - INFO - -------------------------------------------------
distributed.worker - INFO -         Registered to:    tcp://10.10.15.13:46007
distributed.worker - INFO - -------------------------------------------------
distributed.core - INFO - Starting established connection
slurmstepd: error: *** JOB 2821749 ON nodeb17 CANCELLED AT 2020-11-20T09:37:13 ***
