distributed.nanny - INFO -         Start Nanny at: 'tcp://10.10.18.8:35162'
distributed.diskutils - INFO - Found stale lock file and directory '/users/k1201869/wang_model/code/model_fitting/dask-worker-space/dask-worker-space/worker-e5pat64g', purging
distributed.diskutils - INFO - Found stale lock file and directory '/users/k1201869/wang_model/code/model_fitting/dask-worker-space/dask-worker-space/worker-3llg86y5', purging
distributed.diskutils - INFO - Found stale lock file and directory '/users/k1201869/wang_model/code/model_fitting/dask-worker-space/dask-worker-space/worker-p01faf98', purging
distributed.diskutils - INFO - Found stale lock file and directory '/users/k1201869/wang_model/code/model_fitting/dask-worker-space/dask-worker-space/worker-0jndc_vr', purging
distributed.diskutils - INFO - Found stale lock file and directory '/users/k1201869/wang_model/code/model_fitting/dask-worker-space/dask-worker-space/worker-9lhfg8ah', purging
distributed.diskutils - INFO - Found stale lock file and directory '/users/k1201869/wang_model/code/model_fitting/dask-worker-space/dask-worker-space/worker-cvwx9gha', purging
distributed.diskutils - INFO - Found stale lock file and directory '/users/k1201869/wang_model/code/model_fitting/dask-worker-space/dask-worker-space/worker-l4wjmofz', purging
distributed.diskutils - INFO - Found stale lock file and directory '/users/k1201869/wang_model/code/model_fitting/dask-worker-space/dask-worker-space/worker-efj39zcr', purging
distributed.diskutils - INFO - Found stale lock file and directory '/users/k1201869/wang_model/code/model_fitting/dask-worker-space/dask-worker-space/worker-n8jewtpz', purging
distributed.diskutils - INFO - Found stale lock file and directory '/users/k1201869/wang_model/code/model_fitting/dask-worker-space/dask-worker-space/worker-6g6_bh0p', purging
distributed.diskutils - INFO - Found stale lock file and directory '/users/k1201869/wang_model/code/model_fitting/dask-worker-space/dask-worker-space/worker-brmxct5f', purging
distributed.diskutils - INFO - Found stale lock file and directory '/users/k1201869/wang_model/code/model_fitting/dask-worker-space/dask-worker-space/worker-v7_wfjy8', purging
distributed.diskutils - INFO - Found stale lock file and directory '/users/k1201869/wang_model/code/model_fitting/dask-worker-space/dask-worker-space/worker-wus1_tdl', purging
distributed.diskutils - INFO - Found stale lock file and directory '/users/k1201869/wang_model/code/model_fitting/dask-worker-space/dask-worker-space/worker-nhng3bca', purging
distributed.diskutils - INFO - Found stale lock file and directory '/users/k1201869/wang_model/code/model_fitting/dask-worker-space/dask-worker-space/worker-7ebp37ua', purging
distributed.diskutils - INFO - Found stale lock file and directory '/users/k1201869/wang_model/code/model_fitting/dask-worker-space/dask-worker-space/worker-13bndfpb', purging
distributed.diskutils - INFO - Found stale lock file and directory '/users/k1201869/wang_model/code/model_fitting/dask-worker-space/dask-worker-space/worker-pjbax6es', purging
distributed.diskutils - INFO - Found stale lock file and directory '/users/k1201869/wang_model/code/model_fitting/dask-worker-space/dask-worker-space/worker-m2dksypb', purging
distributed.diskutils - INFO - Found stale lock file and directory '/users/k1201869/wang_model/code/model_fitting/dask-worker-space/dask-worker-space/worker-b5e9eh7s', purging
distributed.diskutils - INFO - Found stale lock file and directory '/users/k1201869/wang_model/code/model_fitting/dask-worker-space/dask-worker-space/worker-vqnl2rd8', purging
distributed.diskutils - INFO - Found stale lock file and directory '/users/k1201869/wang_model/code/model_fitting/dask-worker-space/dask-worker-space/worker-hgnr3uaf', purging
distributed.diskutils - INFO - Found stale lock file and directory '/users/k1201869/wang_model/code/model_fitting/dask-worker-space/dask-worker-space/worker-53qbxqk3', purging
distributed.diskutils - INFO - Found stale lock file and directory '/users/k1201869/wang_model/code/model_fitting/dask-worker-space/dask-worker-space/worker-6xs7mwc5', purging
distributed.diskutils - INFO - Found stale lock file and directory '/users/k1201869/wang_model/code/model_fitting/dask-worker-space/dask-worker-space/worker-klsbf9mr', purging
distributed.diskutils - INFO - Found stale lock file and directory '/users/k1201869/wang_model/code/model_fitting/dask-worker-space/dask-worker-space/worker-qo5lpbj2', purging
distributed.diskutils - INFO - Found stale lock file and directory '/users/k1201869/wang_model/code/model_fitting/dask-worker-space/dask-worker-space/worker-5r3z1wlr', purging
distributed.diskutils - INFO - Found stale lock file and directory '/users/k1201869/wang_model/code/model_fitting/dask-worker-space/dask-worker-space/worker-u2q9qj9c', purging
distributed.diskutils - INFO - Found stale lock file and directory '/users/k1201869/wang_model/code/model_fitting/dask-worker-space/dask-worker-space/worker-cfd1orjv', purging
distributed.diskutils - INFO - Found stale lock file and directory '/users/k1201869/wang_model/code/model_fitting/dask-worker-space/dask-worker-space/worker-14pnycmp', purging
distributed.diskutils - INFO - Found stale lock file and directory '/users/k1201869/wang_model/code/model_fitting/dask-worker-space/dask-worker-space/worker-hu9qa1c9', purging
distributed.diskutils - INFO - Found stale lock file and directory '/users/k1201869/wang_model/code/model_fitting/dask-worker-space/dask-worker-space/worker-c85sckvc', purging
distributed.diskutils - INFO - Found stale lock file and directory '/users/k1201869/wang_model/code/model_fitting/dask-worker-space/dask-worker-space/worker-qaj5f1tt', purging
distributed.diskutils - INFO - Found stale lock file and directory '/users/k1201869/wang_model/code/model_fitting/dask-worker-space/dask-worker-space/worker-pompcx35', purging
distributed.diskutils - INFO - Found stale lock file and directory '/users/k1201869/wang_model/code/model_fitting/dask-worker-space/dask-worker-space/worker-sf6rf6aw', purging
distributed.diskutils - INFO - Found stale lock file and directory '/users/k1201869/wang_model/code/model_fitting/dask-worker-space/dask-worker-space/worker-vsvvuymg', purging
distributed.diskutils - INFO - Found stale lock file and directory '/users/k1201869/wang_model/code/model_fitting/dask-worker-space/dask-worker-space/worker-888sfeyw', purging
distributed.diskutils - INFO - Found stale lock file and directory '/users/k1201869/wang_model/code/model_fitting/dask-worker-space/dask-worker-space/worker-ht8cegh9', purging
distributed.diskutils - INFO - Found stale lock file and directory '/users/k1201869/wang_model/code/model_fitting/dask-worker-space/dask-worker-space/worker-3v1_iard', purging
distributed.diskutils - INFO - Found stale lock file and directory '/users/k1201869/wang_model/code/model_fitting/dask-worker-space/dask-worker-space/worker-09h1hf10', purging
distributed.diskutils - INFO - Found stale lock file and directory '/users/k1201869/wang_model/code/model_fitting/dask-worker-space/dask-worker-space/worker-poa60vpu', purging
distributed.diskutils - INFO - Found stale lock file and directory '/users/k1201869/wang_model/code/model_fitting/dask-worker-space/dask-worker-space/worker-c910bacs', purging
distributed.diskutils - INFO - Found stale lock file and directory '/users/k1201869/wang_model/code/model_fitting/dask-worker-space/dask-worker-space/worker-77y5hcad', purging
distributed.diskutils - INFO - Found stale lock file and directory '/users/k1201869/wang_model/code/model_fitting/dask-worker-space/dask-worker-space/worker-h67vexfs', purging
distributed.diskutils - INFO - Found stale lock file and directory '/users/k1201869/wang_model/code/model_fitting/dask-worker-space/dask-worker-space/worker-e82nmg98', purging
distributed.diskutils - INFO - Found stale lock file and directory '/users/k1201869/wang_model/code/model_fitting/dask-worker-space/dask-worker-space/worker-2lgg5a4w', purging
distributed.diskutils - INFO - Found stale lock file and directory '/users/k1201869/wang_model/code/model_fitting/dask-worker-space/dask-worker-space/worker-k900zxe3', purging
distributed.diskutils - INFO - Found stale lock file and directory '/users/k1201869/wang_model/code/model_fitting/dask-worker-space/dask-worker-space/worker-f5d_murx', purging
distributed.diskutils - INFO - Found stale lock file and directory '/users/k1201869/wang_model/code/model_fitting/dask-worker-space/dask-worker-space/worker-e3l0rsx7', purging
distributed.diskutils - INFO - Found stale lock file and directory '/users/k1201869/wang_model/code/model_fitting/dask-worker-space/dask-worker-space/worker-tvtpbmkx', purging
distributed.diskutils - INFO - Found stale lock file and directory '/users/k1201869/wang_model/code/model_fitting/dask-worker-space/dask-worker-space/worker-cihc1y0e', purging
distributed.diskutils - INFO - Found stale lock file and directory '/users/k1201869/wang_model/code/model_fitting/dask-worker-space/dask-worker-space/worker-5otyu7fv', purging
distributed.diskutils - INFO - Found stale lock file and directory '/users/k1201869/wang_model/code/model_fitting/dask-worker-space/dask-worker-space/worker-u3l5f1b3', purging
distributed.diskutils - INFO - Found stale lock file and directory '/users/k1201869/wang_model/code/model_fitting/dask-worker-space/dask-worker-space/worker-zxt375t5', purging
distributed.diskutils - INFO - Found stale lock file and directory '/users/k1201869/wang_model/code/model_fitting/dask-worker-space/dask-worker-space/worker-z13lu3oe', purging
distributed.diskutils - INFO - Found stale lock file and directory '/users/k1201869/wang_model/code/model_fitting/dask-worker-space/dask-worker-space/worker-xnlqucmg', purging
distributed.diskutils - INFO - Found stale lock file and directory '/users/k1201869/wang_model/code/model_fitting/dask-worker-space/dask-worker-space/worker-2v_hqt22', purging
distributed.diskutils - INFO - Found stale lock file and directory '/users/k1201869/wang_model/code/model_fitting/dask-worker-space/dask-worker-space/worker-71q10znl', purging
distributed.diskutils - INFO - Found stale lock file and directory '/users/k1201869/wang_model/code/model_fitting/dask-worker-space/dask-worker-space/worker-sucij4pf', purging
distributed.diskutils - INFO - Found stale lock file and directory '/users/k1201869/wang_model/code/model_fitting/dask-worker-space/dask-worker-space/worker-0l07j9am', purging
distributed.diskutils - INFO - Found stale lock file and directory '/users/k1201869/wang_model/code/model_fitting/dask-worker-space/dask-worker-space/worker-p0x49cor', purging
distributed.diskutils - INFO - Found stale lock file and directory '/users/k1201869/wang_model/code/model_fitting/dask-worker-space/dask-worker-space/worker-1wyow6da', purging
distributed.diskutils - INFO - Found stale lock file and directory '/users/k1201869/wang_model/code/model_fitting/dask-worker-space/dask-worker-space/worker-ne71jcz2', purging
distributed.diskutils - INFO - Found stale lock file and directory '/users/k1201869/wang_model/code/model_fitting/dask-worker-space/dask-worker-space/worker-ppc_pdrw', purging
distributed.diskutils - INFO - Found stale lock file and directory '/users/k1201869/wang_model/code/model_fitting/dask-worker-space/dask-worker-space/worker-8ndynhra', purging
distributed.diskutils - INFO - Found stale lock file and directory '/users/k1201869/wang_model/code/model_fitting/dask-worker-space/dask-worker-space/worker-jg4ztii_', purging
distributed.diskutils - INFO - Found stale lock file and directory '/users/k1201869/wang_model/code/model_fitting/dask-worker-space/dask-worker-space/worker-e48n9kvi', purging
distributed.diskutils - INFO - Found stale lock file and directory '/users/k1201869/wang_model/code/model_fitting/dask-worker-space/dask-worker-space/worker-h7113xj6', purging
distributed.diskutils - INFO - Found stale lock file and directory '/users/k1201869/wang_model/code/model_fitting/dask-worker-space/dask-worker-space/worker-hpf5gkig', purging
distributed.diskutils - INFO - Found stale lock file and directory '/users/k1201869/wang_model/code/model_fitting/dask-worker-space/dask-worker-space/worker-n1lk542w', purging
distributed.diskutils - INFO - Found stale lock file and directory '/users/k1201869/wang_model/code/model_fitting/dask-worker-space/dask-worker-space/worker-vggwa46g', purging
distributed.diskutils - INFO - Found stale lock file and directory '/users/k1201869/wang_model/code/model_fitting/dask-worker-space/dask-worker-space/worker-kaw_wo7c', purging
distributed.diskutils - INFO - Found stale lock file and directory '/users/k1201869/wang_model/code/model_fitting/dask-worker-space/dask-worker-space/worker-40_ch6uz', purging
distributed.diskutils - INFO - Found stale lock file and directory '/users/k1201869/wang_model/code/model_fitting/dask-worker-space/dask-worker-space/worker-nl12aq0k', purging
distributed.diskutils - INFO - Found stale lock file and directory '/users/k1201869/wang_model/code/model_fitting/dask-worker-space/dask-worker-space/worker-ix4pn8j8', purging
distributed.diskutils - INFO - Found stale lock file and directory '/users/k1201869/wang_model/code/model_fitting/dask-worker-space/dask-worker-space/worker-9i98p8t0', purging
distributed.diskutils - INFO - Found stale lock file and directory '/users/k1201869/wang_model/code/model_fitting/dask-worker-space/dask-worker-space/worker-hetrc87k', purging
distributed.diskutils - INFO - Found stale lock file and directory '/users/k1201869/wang_model/code/model_fitting/dask-worker-space/dask-worker-space/worker-_csp4riv', purging
distributed.diskutils - INFO - Found stale lock file and directory '/users/k1201869/wang_model/code/model_fitting/dask-worker-space/dask-worker-space/worker-f8c1d7fd', purging
distributed.diskutils - INFO - Found stale lock file and directory '/users/k1201869/wang_model/code/model_fitting/dask-worker-space/dask-worker-space/worker-xsju164u', purging
distributed.diskutils - INFO - Found stale lock file and directory '/users/k1201869/wang_model/code/model_fitting/dask-worker-space/dask-worker-space/worker-f4en3v8i', purging
distributed.worker - INFO -       Start worker at:     tcp://10.10.18.8:36863
distributed.worker - INFO -          Listening to:     tcp://10.10.18.8:36863
distributed.worker - INFO -          dashboard at:           10.10.18.8:42464
distributed.worker - INFO - Waiting to connect to:    tcp://10.10.15.13:39209
distributed.worker - INFO - -------------------------------------------------
distributed.worker - INFO -               Threads:                          1
distributed.worker - INFO -                Memory:                    2.00 GB
distributed.worker - INFO -       Local Directory: /users/k1201869/wang_model/code/model_fitting/dask-worker-space/dask-worker-space/worker-7yzata1c
distributed.worker - INFO - -------------------------------------------------
distributed.worker - INFO -         Registered to:    tcp://10.10.15.13:39209
distributed.worker - INFO - -------------------------------------------------
distributed.core - INFO - Starting established connection
slurmstepd: error: *** JOB 2821732 ON noded08 CANCELLED AT 2020-11-20T09:37:13 ***
